<?xml version="1.0" encoding="UTF-8"?>
<!-- Generated by org.testng.reporters.JUnitXMLReporter -->
<testsuite ignored="0" hostname="LAIMUMLT9002" failures="0" tests="3" name="Default test" time="70.528" errors="0" timestamp="2024-02-11T09:55:32 IST">
  <testcase classname="com.crm.qa.testcases.LoginPageTest" name="validtaePageTitleTest" time="0.084"/>
  <testcase classname="com.crm.qa.testcases.LoginPageTest" name="validateLogoTest" time="0.171"/>
  <testcase classname="com.crm.qa.testcases.LoginPageTest" name="loginTest" time="25.608"/>
</testsuite> <!-- Default test -->
