<?xml version="1.0" encoding="UTF-8"?>
<!-- Generated by org.testng.reporters.JUnitXMLReporter -->
<testsuite ignored="0" hostname="LAIMUMLT9002" failures="0" tests="3" name="Free CRM Test Cases" time="67.952" errors="0" timestamp="2024-02-10T16:57:31 IST">
  <testcase classname="com.crm.qa.testcases.LoginPageTest" name="validtaePageTitleTest" time="0.092"/>
  <testcase classname="com.crm.qa.testcases.LoginPageTest" name="validateLogoTest" time="0.351"/>
  <testcase classname="com.crm.qa.testcases.LoginPageTest" name="loginTest" time="18.861"/>
</testsuite> <!-- Free CRM Test Cases -->
